# JRE version: Java(TM) SE Runtime Environment (9.0+11) (build 9.0.4+11)
# Java VM: Java HotSpot(TM) 64-Bit Server VM (9.0.4+11, mixed mode, tiered, compressed oops, g1 gc, windows-amd64)
Heap:
 garbage-first heap   total 346112K, used 242484K [0x0000000700000000, 0x0000000700100a90, 0x00000007c0000000)
  region size 1024K, 39 young (39936K), 1 survivors (1024K)
 Metaspace       used 97510K, capacity 99893K, committed 108232K, reserved 1142784K
  class space    used 13371K, capacity 13855K, committed 15560K, reserved 1048576K
GC Heap History (10 events):
Event: 27830.381 GC heap before
{Heap before GC invocations=5054 (full 955):
 garbage-first heap   total 346112K, used 264559K [0x0000000700000000, 0x0000000700100a90, 0x00000007c0000000)
  region size 1024K, 60 young (61440K), 1 survivors (1024K)
 Metaspace       used 97505K, capacity 99829K, committed 107976K, reserved 1142784K
  class space    used 13371K, capacity 13855K, committed 15560K, reserved 1048576K
}
Event: 27830.384 GC heap after
{Heap after GC invocations=5055 (full 955):
 garbage-first heap   total 346112K, used 204465K [0x0000000700000000, 0x0000000700100a90, 0x00000007c0000000)
  region size 1024K, 1 young (1024K), 1 survivors (1024K)
 Metaspace       used 97505K, capacity 99829K, committed 107976K, reserved 1142784K
  class space    used 13371K, capacity 13855K, committed 15560K, reserved 1048576K
}
Event: 27838.991 GC heap before
{Heap before GC invocations=5056 (full 955):
 garbage-first heap   total 346112K, used 264881K [0x0000000700000000, 0x0000000700100a90, 0x00000007c0000000)
  region size 1024K, 60 young (61440K), 1 survivors (1024K)
 Metaspace       used 97505K, capacity 99829K, committed 107976K, reserved 1142784K
  class space    used 13371K, capacity 13855K, committed 15560K, reserved 1048576K
}
Event: 27838.995 GC heap after
{Heap after GC invocations=5057 (full 955):
 garbage-first heap   total 346112K, used 204608K [0x0000000700000000, 0x0000000700100a90, 0x00000007c0000000)
  region size 1024K, 1 young (1024K), 1 survivors (1024K)
 Metaspace       used 97505K, capacity 99829K, committed 107976K, reserved 1142784K
  class space    used 13371K, capacity 13855K, committed 15560K, reserved 1048576K
}
Event: 27848.689 GC heap before
{Heap before GC invocations=5057 (full 955):
 garbage-first heap   total 346112K, used 265024K [0x0000000700000000, 0x0000000700100a90, 0x00000007c0000000)
  region size 1024K, 60 young (61440K), 1 survivors (1024K)
 Metaspace       used 97505K, capacity 99829K, committed 107976K, reserved 1142784K
  class space    used 13371K, capacity 13855K, committed 15560K, reserved 1048576K
}
Event: 27848.694 GC heap after
{Heap after GC invocations=5058 (full 955):
 garbage-first heap   total 346112K, used 204699K [0x0000000700000000, 0x0000000700100a90, 0x00000007c0000000)
  region size 1024K, 1 young (1024K), 1 survivors (1024K)
 Metaspace       used 97505K, capacity 99829K, committed 107976K, reserved 1142784K
  class space    used 13371K, capacity 13855K, committed 15560K, reserved 1048576K
}
Event: 27857.492 GC heap before
{Heap before GC invocations=5059 (full 955):
 garbage-first heap   total 346112K, used 265115K [0x0000000700000000, 0x0000000700100a90, 0x00000007c0000000)
  region size 1024K, 60 young (61440K), 1 survivors (1024K)
 Metaspace       used 97505K, capacity 99893K, committed 108232K, reserved 1142784K
  class space    used 13371K, capacity 13855K, committed 15560K, reserved 1048576K
}
Event: 27857.496 GC heap after
{Heap after GC invocations=5060 (full 955):
 garbage-first heap   total 346112K, used 204545K [0x0000000700000000, 0x0000000700100a90, 0x00000007c0000000)
  region size 1024K, 1 young (1024K), 1 survivors (1024K)
 Metaspace       used 97505K, capacity 99893K, committed 108232K, reserved 1142784K
  class space    used 13371K, capacity 13855K, committed 15560K, reserved 1048576K
}
Event: 27862.166 GC heap before
{Heap before GC invocations=5060 (full 955):
 garbage-first heap   total 346112K, used 264961K [0x0000000700000000, 0x0000000700100a90, 0x00000007c0000000)
  region size 1024K, 60 young (61440K), 1 survivors (1024K)
 Metaspace       used 97505K, capacity 99893K, committed 108232K, reserved 1142784K
  class space    used 13371K, capacity 13855K, committed 15560K, reserved 1048576K
}
Event: 27862.170 GC heap after
{Heap after GC invocations=5061 (full 955):
 garbage-first heap   total 346112K, used 204596K [0x0000000700000000, 0x0000000700100a90, 0x00000007c0000000)
  region size 1024K, 1 young (1024K), 1 survivors (1024K)
 Metaspace       used 97505K, capacity 99893K, committed 108232K, reserved 1142784K
  class space    used 13371K, capacity 13855K, committed 15560K, reserved 1048576K
}

